input file: example16.dat
output file: img/example16.png
Tree:

(2.000000, 1.000000)
├── (2.0, 2.0)
│   ├── (1.0, 2.0)
│   │   └── (1.0, 1.0)
│   └── (1.0, 4.0)
└── (4.0, 4.0)
    ├── (7.0, 1.0)
    │   └── (5.0, 2.0)
    └── (7.0, 4.0)

(2.000000, 12.000000)
├── (1.0, 17.0)
│   ├── (1.0, 14.0)
│   │   └── (1.0, 13.0)
│   └── (1.0, 18.0)
└── (2.0, 16.0)
    ├── (3.0, 13.0)
    │   └── (3.0, 6.0)
    └── (7.0, 17.0)

(12.000000, 7.000000)
├── (12.0, 4.0)
│   ├── (10.0, 4.0)
│   └── (12.0, 3.0)
└── (14.0, 6.0)
    ├── (13.0, 6.0)
    └── (14.0, 1.0)

(10.000000, 10.000000)
├── (12.0, 12.0)
│   ├── (13.0, 9.0)
│   └── (14.0, 16.0)
└── (8.0, 9.0)
    ├── (10.0, 13.0)
    └── (9.0, 8.0)

(4.000000, 25.000000)
├── (3.0, 20.0)
│   ├── (2.0, 19.0)
│   │   └── (2.0, 20.0)
│   └── (2.0, 22.0)
└── (6.0, 25.0)
    ├── (6.0, 24.0)
    │   └── (5.0, 21.0)
    └── (7.0, 25.0)

(3.000000, 32.000000)
├── (1.0, 29.0)
│   ├── (1.0, 32.0)
│   └── (3.0, 26.0)
│       └── (1.0, 28.0)
└── (4.0, 31.0)
    ├── (4.0, 26.0)
    └── (7.0, 31.0)

(13.000000, 19.000000)
├── (14.0, 27.0)
│   ├── (14.0, 19.0)
│   └── (15.0, 27.0)
└── (8.0, 25.0)
    ├── (8.0, 26.0)
    └── (9.0, 20.0)
        └── (8.0, 20.0)

(12.000000, 31.000000)
├── (13.0, 31.0)
│   ├── (15.0, 28.0)
│   └── (15.0, 31.0)
└── (8.0, 32.0)
    ├── (9.0, 28.0)
    │   └── (8.0, 31.0)
    └── (9.0, 32.0)

(18.000000, 13.000000)
├── (17.0, 6.0)
│   ├── (17.0, 10.0)
│   │   └── (16.0, 7.0)
│   └── (18.0, 2.0)
│       └── (18.0, 3.0)
└── (22.0, 5.0)
    ├── (20.0, 13.0)
    └── (22.0, 3.0)
        └── (20.0, 5.0)

(17.000000, 17.000000)
├── (16.0, 16.0)
│   ├── (16.0, 17.0)
│   └── (17.0, 15.0)
│       └── (17.0, 14.0)
└── (19.0, 16.0)
    ├── (18.0, 17.0)
    └── (22.0, 14.0)
        └── (18.0, 16.0)

(29.000000, 3.000000)
├── (29.0, 4.0)
│   ├── (27.0, 7.0)
│   └── (28.0, 2.0)
│       └── (25.0, 1.0)
└── (31.0, 6.0)
    ├── (30.0, 7.0)
    └── (31.0, 3.0)

(27.000000, 13.000000)
├── (25.0, 17.0)
│   ├── (23.0, 17.0)
│   └── (27.0, 17.0)
│       └── (26.0, 11.0)
└── (29.0, 17.0)
    ├── (30.0, 15.0)
    │   └── (30.0, 8.0)
    └── (30.0, 17.0)

(21.000000, 19.000000)
├── (21.0, 20.0)
│   ├── (17.0, 18.0)
│   └── (18.0, 21.0)
└── (21.0, 26.0)
    └── (21.0, 18.0)

(20.000000, 29.000000)
├── (19.0, 28.0)
│   ├── (17.0, 31.0)
│   └── (19.0, 27.0)
└── (21.0, 32.0)
    ├── (21.0, 27.0)
    └── (23.0, 32.0)

(27.000000, 24.000000)
├── (25.0, 30.0)
│   ├── (25.0, 18.0)
│   │   └── (24.0, 18.0)
│   └── (26.0, 30.0)
└── (27.0, 26.0)
    ├── (32.0, 19.0)
    └── (32.0, 30.0)

(27.000000, 31.000000)
├── (25.0, 32.0)
│   ├── (24.0, 32.0)
│   └── (25.0, 31.0)
└── (28.0, 32.0)
    └── (29.0, 31.0)

