input file: example42.dat
output file: img/example42.png
Tree:

(0.587542, 0.650684)
├── (0.156713, 0.554679)
│   ├── (0.213397, 0.077463)
│   │   ├── (0.048427, 0.132792)
│   │   │   ├── (0.097868, 0.232259)
│   │   │   │   └── (0.089628, 0.501847)
│   │   │   └── (0.177929, 0.117359)
│   │   │       └── (0.164828, 0.009853)
│   │   └── (0.427886, 0.276975)
│   │       ├── (0.275322, 0.323942)
│   │       └── (0.557276, 0.121605)
│   │           └── (0.252553, 0.235644)
│   └── (0.246449, 0.578049)
│       ├── (0.035506, 0.682807)
│       │   ├── (0.008272, 0.590803)
│       │   │   └── (0.007602, 0.664435)
│       │   └── (0.077617, 0.739122)
│       │       └── (0.05853, 0.870114)
│       └── (0.391337, 0.90869)
│           ├── (0.42289, 0.65564)
│           │   └── (0.41205, 0.821897)
│           └── (0.459975, 0.931976)
└── (0.619184, 0.491808)
    ├── (0.782275, 0.689574)
    │   ├── (0.644935, 0.678021)
    │   │   ├── (0.603326, 0.811748)
    │   │   └── (0.730112, 0.572275)
    │   │       └── (0.727767, 0.539066)
    │   └── (0.952861, 0.775348)
    │       ├── (0.95707, 0.587625)
    │       │   └── (0.814868, 0.705392)
    │       └── (0.96463, 0.885572)
    └── (0.785001, 0.082062)
        ├── (0.668655, 0.117204)
        │   ├── (0.639838, 0.103373)
        │   │   └── (0.634085, 0.044581)
        │   └── (0.733725, 0.27132)
        │       └── (0.669618, 0.294014)
        └── (0.859071, 0.169913)
            ├── (0.894432, 0.073552)
            │   └── (0.809515, 0.09054)
            └── (0.985698, 0.173099)

